# JRE version: OpenJDK Runtime Environment Zulu11.56+19-CA (11.0.15+10) (build 11.0.15+10-LTS)
# Java VM: OpenJDK 64-Bit Server VM Zulu11.56+19-CA (11.0.15+10-LTS, mixed mode, tiered, compressed oops, g1 gc, bsd-amd64)
Heap:
 garbage-first heap   total 453632K, used 312569K [0x0000000780000000, 0x0000000800000000)
  region size 1024K, 8 young (8192K), 5 survivors (5120K)
 Metaspace       used 167091K, capacity 172776K, committed 172892K, reserved 667648K
  class space    used 20735K, capacity 22816K, committed 22860K, reserved 516096K
GC Heap History (20 events):
Event: 192.038 GC heap before
{Heap before GC invocations=101 (full 0):
 garbage-first heap   total 453632K, used 394870K [0x0000000780000000, 0x0000000800000000)
  region size 1024K, 118 young (120832K), 4 survivors (4096K)
 Metaspace       used 166808K, capacity 172472K, committed 172636K, reserved 667648K
  class space    used 20733K, capacity 22815K, committed 22860K, reserved 516096K
}
Event: 192.059 GC heap after
{Heap after GC invocations=102 (full 0):
 garbage-first heap   total 453632K, used 278762K [0x0000000780000000, 0x0000000800000000)
  region size 1024K, 5 young (5120K), 5 survivors (5120K)
 Metaspace       used 166808K, capacity 172472K, committed 172636K, reserved 667648K
  class space    used 20733K, capacity 22815K, committed 22860K, reserved 516096K
}
Event: 193.116 GC heap before
{Heap before GC invocations=102 (full 0):
 garbage-first heap   total 453632K, used 396522K [0x0000000780000000, 0x0000000800000000)
  region size 1024K, 120 young (122880K), 5 survivors (5120K)
 Metaspace       used 166816K, capacity 172472K, committed 172636K, reserved 667648K
  class space    used 20733K, capacity 22815K, committed 22860K, reserved 516096K
}
Event: 193.127 GC heap after
{Heap after GC invocations=103 (full 0):
 garbage-first heap   total 453632K, used 279630K [0x0000000780000000, 0x0000000800000000)
  region size 1024K, 5 young (5120K), 5 survivors (5120K)
 Metaspace       used 166816K, capacity 172472K, committed 172636K, reserved 667648K
  class space    used 20733K, capacity 22815K, committed 22860K, reserved 516096K
}
Event: 194.156 GC heap before
{Heap before GC invocations=103 (full 0):
 garbage-first heap   total 453632K, used 398414K [0x0000000780000000, 0x0000000800000000)
  region size 1024K, 121 young (123904K), 5 survivors (5120K)
 Metaspace       used 166827K, capacity 172472K, committed 172636K, reserved 667648K
  class space    used 20733K, capacity 22815K, committed 22860K, reserved 516096K
}
Event: 194.170 GC heap after
{Heap after GC invocations=104 (full 0):
 garbage-first heap   total 453632K, used 280300K [0x0000000780000000, 0x0000000800000000)
  region size 1024K, 6 young (6144K), 6 survivors (6144K)
 Metaspace       used 166827K, capacity 172472K, committed 172636K, reserved 667648K
  class space    used 20733K, capacity 22815K, committed 22860K, reserved 516096K
}
Event: 195.539 GC heap before
{Heap before GC invocations=104 (full 0):
 garbage-first heap   total 453632K, used 399084K [0x0000000780000000, 0x0000000800000000)
  region size 1024K, 122 young (124928K), 6 survivors (6144K)
 Metaspace       used 166914K, capacity 172611K, committed 172892K, reserved 667648K
  class space    used 20733K, capacity 22815K, committed 22860K, reserved 516096K
}
Event: 195.559 GC heap after
{Heap after GC invocations=105 (full 0):
 garbage-first heap   total 453632K, used 285326K [0x0000000780000000, 0x0000000800000000)
  region size 1024K, 11 young (11264K), 11 survivors (11264K)
 Metaspace       used 166914K, capacity 172611K, committed 172892K, reserved 667648K
  class space    used 20733K, capacity 22815K, committed 22860K, reserved 516096K
}
Event: 196.915 GC heap before
{Heap before GC invocations=105 (full 0):
 garbage-first heap   total 453632K, used 401038K [0x0000000780000000, 0x0000000800000000)
  region size 1024K, 119 young (121856K), 11 survivors (11264K)
 Metaspace       used 167043K, capacity 172706K, committed 172892K, reserved 667648K
  class space    used 20733K, capacity 22815K, committed 22860K, reserved 516096K
}
Event: 196.946 GC heap after
{Heap after GC invocations=106 (full 0):
 garbage-first heap   total 453632K, used 285850K [0x0000000780000000, 0x0000000800000000)
  region size 1024K, 9 young (9216K), 9 survivors (9216K)
 Metaspace       used 167043K, capacity 172706K, committed 172892K, reserved 667648K
  class space    used 20733K, capacity 22815K, committed 22860K, reserved 516096K
}
Event: 197.968 GC heap before
{Heap before GC invocations=106 (full 0):
 garbage-first heap   total 453632K, used 394394K [0x0000000780000000, 0x0000000800000000)
  region size 1024K, 115 young (117760K), 9 survivors (9216K)
 Metaspace       used 167056K, capacity 172711K, committed 172892K, reserved 667648K
  class space    used 20734K, capacity 22816K, committed 22860K, reserved 516096K
}
Event: 198.001 GC heap after
{Heap after GC invocations=107 (full 0):
 garbage-first heap   total 453632K, used 290806K [0x0000000780000000, 0x0000000800000000)
  region size 1024K, 12 young (12288K), 12 survivors (12288K)
 Metaspace       used 167056K, capacity 172711K, committed 172892K, reserved 667648K
  class space    used 20734K, capacity 22816K, committed 22860K, reserved 516096K
}
Event: 198.860 GC heap before
{Heap before GC invocations=107 (full 0):
 garbage-first heap   total 453632K, used 390134K [0x0000000780000000, 0x0000000800000000)
  region size 1024K, 109 young (111616K), 12 survivors (12288K)
 Metaspace       used 167061K, capacity 172711K, committed 172892K, reserved 667648K
  class space    used 20734K, capacity 22816K, committed 22860K, reserved 516096K
}
Event: 198.883 GC heap after
{Heap after GC invocations=108 (full 0):
 garbage-first heap   total 453632K, used 297116K [0x0000000780000000, 0x0000000800000000)
  region size 1024K, 11 young (11264K), 11 survivors (11264K)
 Metaspace       used 167061K, capacity 172711K, committed 172892K, reserved 667648K
  class space    used 20734K, capacity 22816K, committed 22860K, reserved 516096K
}
Event: 199.791 GC heap before
{Heap before GC invocations=108 (full 0):
 garbage-first heap   total 453632K, used 387228K [0x0000000780000000, 0x0000000800000000)
  region size 1024K, 99 young (101376K), 11 survivors (11264K)
 Metaspace       used 167082K, capacity 172712K, committed 172892K, reserved 667648K
  class space    used 20735K, capacity 22816K, committed 22860K, reserved 516096K
}
Event: 199.817 GC heap after
{Heap after GC invocations=109 (full 0):
 garbage-first heap   total 453632K, used 305611K [0x0000000780000000, 0x0000000800000000)
  region size 1024K, 11 young (11264K), 11 survivors (11264K)
 Metaspace       used 167082K, capacity 172712K, committed 172892K, reserved 667648K
  class space    used 20735K, capacity 22816K, committed 22860K, reserved 516096K
}
Event: 200.631 GC heap before
{Heap before GC invocations=109 (full 0):
 garbage-first heap   total 453632K, used 386507K [0x0000000780000000, 0x0000000800000000)
  region size 1024K, 90 young (92160K), 11 survivors (11264K)
 Metaspace       used 167088K, capacity 172776K, committed 172892K, reserved 667648K
  class space    used 20735K, capacity 22816K, committed 22860K, reserved 516096K
}
Event: 200.670 GC heap after
{Heap after GC invocations=110 (full 0):
 garbage-first heap   total 453632K, used 308066K [0x0000000780000000, 0x0000000800000000)
  region size 1024K, 3 young (3072K), 3 survivors (3072K)
 Metaspace       used 167088K, capacity 172776K, committed 172892K, reserved 667648K
  class space    used 20735K, capacity 22816K, committed 22860K, reserved 516096K
}
Event: 201.992 GC heap before
{Heap before GC invocations=110 (full 0):
 garbage-first heap   total 453632K, used 388962K [0x0000000780000000, 0x0000000800000000)
  region size 1024K, 82 young (83968K), 3 survivors (3072K)
 Metaspace       used 167088K, capacity 172776K, committed 172892K, reserved 667648K
  class space    used 20735K, capacity 22816K, committed 22860K, reserved 516096K
}
Event: 202.013 GC heap after
{Heap after GC invocations=111 (full 0):
 garbage-first heap   total 453632K, used 309376K [0x0000000780000000, 0x0000000800000000)
  region size 1024K, 4 young (4096K), 4 survivors (4096K)
 Metaspace       used 167088K, capacity 172776K, committed 172892K, reserved 667648K
  class space    used 20735K, capacity 22816K, committed 22860K, reserved 516096K
}

